START OF LOG
<<<<<<< HEAD
player on port 41185
spectate
GRID message received: GRID 21 79
displayStart: Success
wRows = 49
wCols = 185
GOLD message received: GOLD 0 0 250
=======
player on port 42455
interactive player mode; name 'alex'
OK message received: OK B
GRID message received: GRID 21 79
displayStart: Success
wRows = 63
wCols = 100
GOLD message received: GOLD 0 0 250
DISPLAY message received
DISPLAY message received
DISPLAY message received
DISPLAY message received
DISPLAY message received
DISPLAY message received
DISPLAY message received
DISPLAY message received
DISPLAY message received
DISPLAY message received
DISPLAY message received
DISPLAY message received
DISPLAY message received
DISPLAY message received
DISPLAY message received
DISPLAY message received
DISPLAY message received
DISPLAY message received
DISPLAY message received
DISPLAY message received
DISPLAY message received
DISPLAY message received
DISPLAY message received
DISPLAY message received
DISPLAY message received
DISPLAY message received
DISPLAY message received
DISPLAY message received
DISPLAY message received
DISPLAY message received
DISPLAY message received
DISPLAY message received
DISPLAY message received
DISPLAY message received
DISPLAY message received
DISPLAY message received
DISPLAY message received
DISPLAY message received
DISPLAY message received
DISPLAY message received
DISPLAY message received
DISPLAY message received
DISPLAY message received
DISPLAY message received
DISPLAY message received
DISPLAY message received
DISPLAY message received
DISPLAY message received
DISPLAY message received
DISPLAY message received
DISPLAY message received
DISPLAY message received
DISPLAY message received
DISPLAY message received
DISPLAY message received
DISPLAY message received
DISPLAY message received
DISPLAY message received
DISPLAY message received
DISPLAY message received
DISPLAY message received
DISPLAY message received
DISPLAY message received
DISPLAY message received
DISPLAY message received
DISPLAY message received
DISPLAY message received
DISPLAY message received
DISPLAY message received
DISPLAY message received
DISPLAY message received
DISPLAY message received
DISPLAY message received
DISPLAY message received
DISPLAY message received
DISPLAY message received
DISPLAY message received
DISPLAY message received
DISPLAY message received
DISPLAY message received
DISPLAY message received
DISPLAY message received
DISPLAY message received
DISPLAY message received
DISPLAY message received
DISPLAY message received
DISPLAY message received
DISPLAY message received
DISPLAY message received
DISPLAY message received
DISPLAY message received
DISPLAY message received
DISPLAY message received
DISPLAY message received
DISPLAY message received
DISPLAY message received
DISPLAY message received
DISPLAY message received
DISPLAY message received
DISPLAY message received
DISPLAY message received
DISPLAY message received
DISPLAY message received
DISPLAY message received
DISPLAY message received
DISPLAY message received
DISPLAY message received
DISPLAY message received
DISPLAY message received
DISPLAY message received
DISPLAY message received
DISPLAY message received
DISPLAY message received
DISPLAY message received
DISPLAY message received
DISPLAY message received
DISPLAY message received
DISPLAY message received
DISPLAY message received
DISPLAY message received
DISPLAY message received
DISPLAY message received
DISPLAY message received
DISPLAY message received
DISPLAY message received
DISPLAY message received
DISPLAY message received
DISPLAY message received
DISPLAY message received
DISPLAY message received
DISPLAY message received
DISPLAY message received
DISPLAY message received
DISPLAY message received
DISPLAY message received
DISPLAY message received
DISPLAY message received
DISPLAY message received
DISPLAY message received
DISPLAY message received
DISPLAY message received
DISPLAY message received
DISPLAY message received
DISPLAY message received
DISPLAY message received
DISPLAY message received
DISPLAY message received
DISPLAY message received
DISPLAY message received
DISPLAY message received
DISPLAY message received
DISPLAY message received
DISPLAY message received
DISPLAY message received
DISPLAY message received
DISPLAY message received
DISPLAY message received
DISPLAY message received
DISPLAY message received
DISPLAY message received
DISPLAY message received
DISPLAY message received
DISPLAY message received
DISPLAY message received
DISPLAY message received
DISPLAY message received
DISPLAY message received
DISPLAY message received
DISPLAY message received
DISPLAY message received
DISPLAY message received
DISPLAY message received
DISPLAY message received
DISPLAY message received
DISPLAY message received
DISPLAY message received
DISPLAY message received
DISPLAY message received
DISPLAY message received
DISPLAY message received
DISPLAY message received
DISPLAY message received
DISPLAY message received
QUIT message received: QUIT GAME OVER:
A        250        bob
B          0       alex

END OF LOG
>>>>>>> c2c9c31b0e595a51d7f4eb902cc7dd9d6c35f534
